<?xml version="1.0" encoding="UTF-8"?>
<testng-results ignored="0" total="1" passed="1" failed="0" skipped="0">
  <reporter-output>
  </reporter-output>
  <suite started-at="2022-10-11T13:08:14 IST" name="Default suite" finished-at="2022-10-11T13:08:29 IST" duration-ms="14897">
    <groups>
    </groups>
    <test started-at="2022-10-11T13:08:14 IST" name="Default test" finished-at="2022-10-11T13:08:29 IST" duration-ms="14897">
      <class name="com.flipkart.test.RefreshChk">
        <test-method is-config="true" signature="setUp()[pri:0, instance:com.flipkart.test.RefreshChk@1807e3f6]" started-at="2022-10-11T13:08:12 IST" name="setUp" finished-at="2022-10-11T13:08:14 IST" duration-ms="2119" status="PASS">
          <reporter-output>
          </reporter-output>
        </test-method> <!-- setUp -->
        <test-method signature="chkk()[pri:0, instance:com.flipkart.test.RefreshChk@1807e3f6]" started-at="2022-10-11T13:08:14 IST" name="chkk" finished-at="2022-10-11T13:08:29 IST" duration-ms="14866" status="PASS">
          <reporter-output>
          </reporter-output>
        </test-method> <!-- chkk -->
      </class> <!-- com.flipkart.test.RefreshChk -->
    </test> <!-- Default test -->
  </suite> <!-- Default suite -->
</testng-results>
