<?xml version="1.0" encoding="UTF-8"?>
<testng-results ignored="0" total="2" passed="2" failed="0" skipped="0">
  <reporter-output>
  </reporter-output>
  <suite started-at="2022-10-03T00:15:23 IST" name="Suite" finished-at="2022-10-03T00:15:23 IST" duration-ms="72">
    <groups>
    </groups>
    <test started-at="2022-10-03T00:15:23 IST" name="Test" finished-at="2022-10-03T00:15:23 IST" duration-ms="72">
      <class name="testpkg.sample2">
        <test-method signature="demo2()[pri:0, instance:testpkg.sample2@2f217633]" started-at="2022-10-03T00:15:23 IST" name="demo2" finished-at="2022-10-03T00:15:23 IST" duration-ms="1" status="PASS">
          <reporter-output>
          </reporter-output>
        </test-method> <!-- demo2 -->
      </class> <!-- testpkg.sample2 -->
      <class name="testpkg.sample1">
        <test-method signature="demo()[pri:0, instance:testpkg.sample1@bd4dc25]" started-at="2022-10-03T00:15:23 IST" name="demo" finished-at="2022-10-03T00:15:23 IST" duration-ms="10" status="PASS">
          <reporter-output>
          </reporter-output>
        </test-method> <!-- demo -->
      </class> <!-- testpkg.sample1 -->
    </test> <!-- Test -->
  </suite> <!-- Suite -->
</testng-results>
